<?xml version="1.0" encoding="UTF-8"?>
<!-- Generated by org.testng.reporters.JUnitXMLReporter -->
<testsuite ignored="0" hostname="DELL-C0HKRC2" failures="0" tests="5" name="Default test" time="6.437" errors="0" timestamp="2021-10-02T16:54:53 ART">
  <testcase classname="pruebas.AlertTest" name="verAlerta1" time="0.253"/>
  <testcase classname="pruebas.AlertTest" name="verAlerta2" time="5.495"/>
  <testcase classname="pruebas.AlertTest" name="verAlerta3" time="0.163"/>
  <testcase classname="pruebas.AlertTest" name="verAlerta3Cancelar" time="0.219"/>
  <testcase classname="pruebas.AlertTest" name="verAlerta4" time="0.24"/>
</testsuite> <!-- Default test -->
