<?xml version="1.0" encoding="UTF-8"?>
<!-- Generated by org.testng.reporters.JUnitXMLReporter -->
<testsuite ignored="0" hostname="DELL-C0HKRC2" failures="0" tests="5" name="Test" time="36.059" errors="0" timestamp="2021-10-02T16:04:10 ART">
  <testcase classname="pruebas.Laboratorio4" name="login" time="6.194"/>
  <testcase classname="pruebas.Laboratorio4" name="login" time="6.357"/>
  <testcase classname="pruebas.Laboratorio4" name="login" time="8.416"/>
  <testcase classname="pruebas.Laboratorio4" name="login" time="7.37"/>
  <testcase classname="pruebas.Laboratorio4" name="login" time="6.479"/>
</testsuite> <!-- Test -->
