<?xml version="1.0" encoding="UTF-8"?>
<testng-results ignored="0" total="5" passed="5" failed="0" skipped="0">
  <reporter-output>
  </reporter-output>
  <suite started-at="2021-10-02T16:54:46 ART" name="Default suite" finished-at="2021-10-02T16:54:53 ART" duration-ms="6437">
    <groups>
    </groups>
    <test started-at="2021-10-02T16:54:46 ART" name="Default test" finished-at="2021-10-02T16:54:53 ART" duration-ms="6437">
      <class name="pruebas.AlertTest">
        <test-method is-config="true" signature="setUp()[pri:0, instance:pruebas.AlertTest@123ef382]" started-at="2021-10-02T16:54:36 ART" name="setUp" finished-at="2021-10-02T16:54:46 ART" duration-ms="10595" status="PASS">
          <reporter-output>
          </reporter-output>
        </test-method> <!-- setUp -->
        <test-method signature="verAlerta1()[pri:0, instance:pruebas.AlertTest@123ef382]" started-at="2021-10-02T16:54:47 ART" name="verAlerta1" finished-at="2021-10-02T16:54:47 ART" duration-ms="253" status="PASS">
          <reporter-output>
          </reporter-output>
        </test-method> <!-- verAlerta1 -->
        <test-method signature="verAlerta2()[pri:0, instance:pruebas.AlertTest@123ef382]" started-at="2021-10-02T16:54:47 ART" name="verAlerta2" finished-at="2021-10-02T16:54:52 ART" duration-ms="5495" status="PASS">
          <reporter-output>
          </reporter-output>
        </test-method> <!-- verAlerta2 -->
        <test-method signature="verAlerta3()[pri:0, instance:pruebas.AlertTest@123ef382]" started-at="2021-10-02T16:54:52 ART" name="verAlerta3" finished-at="2021-10-02T16:54:52 ART" duration-ms="163" status="PASS">
          <reporter-output>
          </reporter-output>
        </test-method> <!-- verAlerta3 -->
        <test-method signature="verAlerta3Cancelar()[pri:0, instance:pruebas.AlertTest@123ef382]" started-at="2021-10-02T16:54:52 ART" name="verAlerta3Cancelar" finished-at="2021-10-02T16:54:53 ART" duration-ms="219" status="PASS">
          <reporter-output>
          </reporter-output>
        </test-method> <!-- verAlerta3Cancelar -->
        <test-method signature="verAlerta4()[pri:0, instance:pruebas.AlertTest@123ef382]" started-at="2021-10-02T16:54:53 ART" name="verAlerta4" finished-at="2021-10-02T16:54:53 ART" duration-ms="240" status="PASS">
          <reporter-output>
          </reporter-output>
        </test-method> <!-- verAlerta4 -->
        <test-method is-config="true" signature="cerrarNavegador()[pri:0, instance:pruebas.AlertTest@123ef382]" started-at="2021-10-02T16:54:53 ART" name="cerrarNavegador" finished-at="2021-10-02T16:54:53 ART" duration-ms="2" status="PASS">
          <reporter-output>
          </reporter-output>
        </test-method> <!-- cerrarNavegador -->
      </class> <!-- pruebas.AlertTest -->
    </test> <!-- Default test -->
  </suite> <!-- Default suite -->
</testng-results>
